<?xml version="1.0" encoding="UTF-8"?>
<!-- Generated by org.testng.reporters.JUnitXMLReporter -->
<testsuite hostname="E053677-VM1" name="Regression Tests" tests="17" failures="1" timestamp="31 Dec 2018 18:51:40 GMT" time="1003.316" errors="0">
  <testcase name="ViewPayableTimeMS" time="87.835" classname="test.cases.TimeandLabour.MSS_ViewPayableTimeTest"/>
  <testcase name="EnterTimeSheetByWeekSelfService" time="80.906" classname="test.cases.TimeandLabour.MSS_ApprovePayableTimeTest"/>
  <testcase name="EnterTimeSheetByWeekSelfService" time="44.427" classname="test.cases.TimeandLabour.ESS_ViewPayableTimeTest"/>
  <testcase name="SearchEmployee" time="45.874" classname="test.cases.YearEnd.YearEndReviewT4SlipTest"/>
  <testcase name="SearchEmployee" time="49.31" classname="test.cases.YearEnd.YearEndAmendCancelSlipTest"/>
  <testcase name="addPerson" time="106.421" classname="test.cases.hr.AddPersonTest"/>
  <testcase name="S34ManagerSubmitTimeSheet" time="88.073" classname="test.cases.TimeandLabour.CR3864_Functional.E148_CR3864_S34ManagerEnterTimeTest"/>
  <testcase name="NonSuperUserAccessPrecondition" time="33.372" classname="test.cases.TimeandLabour.CR3864_Security.E148_CR3864_NonS34ManagerAccessPreConditionTest"/>
  <testcase name="NonS34ManagerAccessMSS" time="0.178" classname="test.cases.TimeandLabour.CR3864_Security.E148_CR3864_NonS34ManagerAccessManagerSelfServiceTest">
    <failure type="java.lang.Exception">
      <![CDATA[java.lang.Exception
	at utilities.Utils.takeScreenshot(Utils.java:161)
	at test.cases.TimeandLabour.CR3864_Security.E148_CR3864_NonS34ManagerAccessManagerSelfServiceTest.NonS34ManagerAccessMSS(E148_CR3864_NonS34ManagerAccessManagerSelfServiceTest.java:60)
... Removed 24 stack frames]]>
    </failure>
  </testcase> <!-- NonS34ManagerAccessMSS -->
  <testcase name="NonS34ManagerAccessPrecondition" time="31.27" classname="test.cases.TimeandLabour.CR3864_Security.E148_CR3864_NonSuperUserAccessPreConditionTest"/>
  <testcase name="NonSuperUserAccessMSS" time="15.68" classname="test.cases.TimeandLabour.CR3864_Security.E148_CR3864_NonSuperUserAccessManagerSelfServiceTest"/>
  <testcase name="S34ManagerAccessPrecondition" time="28.607" classname="test.cases.TimeandLabour.CR3864_Security.E148_CR3864_S34ManagerAccessPreConditionTest"/>
  <testcase name="S34ManagerAccessUpdateEmployee" time="50.732" classname="test.cases.TimeandLabour.CR3864_Security.E148_CR3864_S34ManagerAccessUpdateS34ManagerEmployeeTest"/>
  <testcase name="TimeKeeperAccessPreCondition" time="28.605" classname="test.cases.TimeandLabour.CR3864_Security.E148_CR3864_TimekeeperAccessPreConditionTest"/>
  <testcase name="TimekeeperAccessS34UpdateEmployee" time="22.65" classname="test.cases.TimeandLabour.CR3864_Security.E148_CR3864_TimekeeperUserAccessUpdateS34ManagerEmployeeTest"/>
  <testcase name="TLSuperUserAccessPreCondition" time="30.997" classname="test.cases.TimeandLabour.CR3864_Security.E148_CR3864_TLSuperUserAccessPreConditionTest"/>
  <testcase name="TLSuperUserS34AccessUpdateEmployee" time="50.804" classname="test.cases.TimeandLabour.CR3864_Security.E148_CR3864_TLSuperUserAccessUpdateS34ManagerEmployeeTest"/>
</testsuite> <!-- Regression Tests -->
